<?xml version="1.0" encoding="UTF-8"?>
<!-- Generated by org.testng.reporters.JUnitReportReporter -->
<testsuite hostname="DESKTOP-SL4OV3D" failures="0" tests="2" name="com.cars.qa.testcases.HomepageTest" time="46.433" errors="0" timestamp="21 Feb 2019 00:47:58 GMT" skipped="0">
  <testcase classname="com.cars.qa.testcases.HomepageTest" name="homePageTitleTest" time="18.182"/>
  <testcase classname="com.cars.qa.testcases.HomepageTest" name="searchTest" time="28.251"/>
</testsuite> <!-- com.cars.qa.testcases.HomepageTest -->
